
/home/runner/work/exp-partial-differential-equations-elliptical-equation-possion-equation-iitb/exp-partial-differential-equations-elliptical-equation-possion-equation-iitb/experiment/simulation/common_libraries/js/ts_components/collapse_step.js
   1:10  warning  'show_step' is defined but never used                 no-unused-vars
   2:5   warning  '$' is not defined                                    no-undef
   3:9   warning  '$' is not defined                                    no-undef
   6:10  warning  'hide_step' is defined but never used                 no-unused-vars
   7:5   warning  '$' is not defined                                    no-undef
   8:9   warning  '$' is not defined                                    no-undef
  11:10  warning  'get_collapse_btn_text' is defined but never used     no-unused-vars
  20:10  warning  'get_collapse_btn_element' is defined but never used  no-unused-vars
  29:10  warning  'hide_all_steps' is defined but never used            no-unused-vars
  31:9   warning  '$' is not defined                                    no-undef

/home/runner/work/exp-partial-differential-equations-elliptical-equation-possion-equation-iitb/exp-partial-differential-equations-elliptical-equation-possion-equation-iitb/experiment/simulation/common_libraries/js/ts_components/matrix.js
   27:26  warning  'MathJax' is not defined                                no-undef
   32:7   warning  'Matrix_Without_String' is defined but never used       no-unused-vars
   52:26  warning  'MathJax' is not defined                                no-undef
   56:10  warning  'get_matrix_html' is defined but never used             no-unused-vars
   87:13  warning  'row_html' is assigned a value but never used           no-unused-vars
   99:10  warning  'get_matrix_html_with_title' is defined but never used  no-unused-vars
  131:13  warning  'row_html' is assigned a value but never used           no-unused-vars
  143:10  warning  'convert_2d_to_1d_vector' is defined but never used     no-unused-vars
  156:10  warning  'convert_1d_to_2d_matrix' is defined but never used     no-unused-vars

/home/runner/work/exp-partial-differential-equations-elliptical-equation-possion-equation-iitb/exp-partial-differential-equations-elliptical-equation-possion-equation-iitb/experiment/simulation/common_libraries/js/ts_components/pannel.js
  8:7  warning  'Pannel' is defined but never used  no-unused-vars

/home/runner/work/exp-partial-differential-equations-elliptical-equation-possion-equation-iitb/exp-partial-differential-equations-elliptical-equation-possion-equation-iitb/experiment/simulation/common_libraries/js/ts_components/questions.js
   6:17  warning  'op1' is assigned a value but never used      no-unused-vars
   7:17  warning  'op2' is assigned a value but never used      no-unused-vars
   8:17  warning  'op3' is assigned a value but never used      no-unused-vars
   9:17  warning  'op4' is assigned a value but never used      no-unused-vars
  94:7   warning  'Question_Options' is defined but never used  no-unused-vars

/home/runner/work/exp-partial-differential-equations-elliptical-equation-possion-equation-iitb/exp-partial-differential-equations-elliptical-equation-possion-equation-iitb/experiment/simulation/common_libraries/js/ts_components/tables.js
   19:22  warning  'verify_values' is not defined                                     no-undef
  137:22  warning  'verify_values' is not defined                                     no-undef
  260:7   warning  'Verify_Rows_Cols_6_decimal_places' is defined but never used      no-unused-vars
  311:22  warning  'verify_values' is not defined                                     no-undef
  416:7   warning  'Verify_Rows_Cols_Custom_Fixed_Update1' is defined but never used  no-unused-vars
  468:7   warning  'Show_Table_Custom_Fixed' is defined but never used                no-unused-vars
  506:7   warning  'Verify_Rows_Cols_Strings' is defined but never used               no-unused-vars
  527:22  warning  'verify_values' is not defined                                     no-undef
  663:7   warning  'Display_Table' is defined but never used                          no-unused-vars

/home/runner/work/exp-partial-differential-equations-elliptical-equation-possion-equation-iitb/exp-partial-differential-equations-elliptical-equation-possion-equation-iitb/experiment/simulation/common_libraries/js/ts_math_library/general_math_functions.js
    1:10  warning  'verify_values' is defined but never used                   no-unused-vars
   17:10  warning  'random1' is defined but never used                         no-unused-vars
   21:10  warning  'std_deviation' is defined but never used                   no-unused-vars
   26:10  warning  'gauss' is defined but never used                           no-unused-vars
   56:10  warning  'hide_panel' is defined but never used                      no-unused-vars
   63:10  warning  'inverse_matrix' is defined but never used                  no-unused-vars
   96:10  warning  'matrix_multiplication' is defined but never used           no-unused-vars
  113:10  warning  'transpose_matrix' is defined but never used                no-unused-vars
  123:10  warning  'matrix_multiplication_8decimal' is defined but never used  no-unused-vars
  140:10  warning  'adjoint_2x2_matrix' is defined but never used              no-unused-vars
  145:10  warning  'find_deteminant' is defined but never used                 no-unused-vars
  174:10  warning  'get_Submatrix' is defined but never used                   no-unused-vars

/home/runner/work/exp-partial-differential-equations-elliptical-equation-possion-equation-iitb/exp-partial-differential-equations-elliptical-equation-possion-equation-iitb/experiment/simulation/common_libraries/js/ts_math_library/regression.js
   1:10  warning  'regression_linear' is defined but never used            no-unused-vars
  18:10  warning  'regression_linear_1variable' is defined but never used  no-unused-vars
  27:10  warning  'regression_linear_2variable' is defined but never used  no-unused-vars
  52:11  warning  'gauss' is not defined                                   no-undef

/home/runner/work/exp-partial-differential-equations-elliptical-equation-possion-equation-iitb/exp-partial-differential-equations-elliptical-equation-possion-equation-iitb/experiment/simulation/common_libraries/math.ob.js
  1:745  warning  'b' is already defined  no-redeclare

/home/runner/work/exp-partial-differential-equations-elliptical-equation-possion-equation-iitb/exp-partial-differential-equations-elliptical-equation-possion-equation-iitb/experiment/simulation/js/activity1.js
   13:24  warning  'MathJax' is not defined                      no-undef
   16:10  warning  'start_act1' is defined but never used        no-unused-vars
   21:5   warning  'min' is not defined                          no-undef
   22:5   warning  'max' is not defined                          no-undef
   23:5   warning  'a' is not defined                            no-undef
   23:37  warning  'max' is not defined                          no-undef
   23:43  warning  'min' is not defined                          no-undef
   23:51  warning  'min' is not defined                          no-undef
   24:17  warning  'a' is not defined                            no-undef
   25:20  warning  'get_collapse_btn_text' is not defined        no-undef
   31:93  warning  'a' is not defined                            no-undef
  136:5   warning  'hide_all_steps' is not defined               no-undef
  137:5   warning  'show_step' is not defined                    no-undef
  138:24  warning  'MathJax' is not defined                      no-undef
  140:10  warning  'verify_equations' is defined but never used  no-unused-vars
  142:63  warning  'f1' is not defined                           no-undef
  142:66  warning  'a' is not defined                            no-undef
  143:64  warning  'f1' is not defined                           no-undef
  143:67  warning  'a' is not defined                            no-undef
  144:63  warning  'f1' is not defined                           no-undef
  144:66  warning  'a' is not defined                            no-undef
  145:64  warning  'f1' is not defined                           no-undef
  145:67  warning  'a' is not defined                            no-undef
  147:35  warning  'f1' is not defined                           no-undef
  147:38  warning  'a' is not defined                            no-undef
  148:35  warning  'f1' is not defined                           no-undef
  148:38  warning  'a' is not defined                            no-undef
  149:35  warning  'f1' is not defined                           no-undef
  149:38  warning  'a' is not defined                            no-undef
  150:35  warning  'f1' is not defined                           no-undef
  150:38  warning  'a' is not defined                            no-undef
  160:13  warning  'sp' is assigned a value but never used       no-unused-vars
  184:9   warning  't1' is not defined                           no-undef
  184:22  warning  't2' is not defined                           no-undef
  184:35  warning  't3' is not defined                           no-undef
  184:40  warning  'f1' is not defined                           no-undef
  184:43  warning  'a' is not defined                            no-undef
  185:9   warning  't2' is not defined                           no-undef
  185:26  warning  't1' is not defined                           no-undef
  185:35  warning  't4' is not defined                           no-undef
  185:40  warning  'f1' is not defined                           no-undef
  185:43  warning  'a' is not defined                            no-undef
  186:9   warning  't3' is not defined                           no-undef
  186:22  warning  't4' is not defined                           no-undef
  186:31  warning  't1' is not defined                           no-undef
  186:40  warning  'f1' is not defined                           no-undef
  186:43  warning  'a' is not defined                            no-undef
  187:9   warning  't4' is not defined                           no-undef
  187:26  warning  't3' is not defined                           no-undef
  187:31  warning  't2' is not defined                           no-undef
  187:40  warning  'f1' is not defined                           no-undef
  187:43  warning  'a' is not defined                            no-undef
  189:17  warning  't1' is not defined                           no-undef
  190:17  warning  't2' is not defined                           no-undef
  191:17  warning  't3' is not defined                           no-undef
  192:17  warning  't4' is not defined                           no-undef
  194:10  warning  'verify_t_vals' is defined but never used     no-unused-vars
  196:39  warning  't1' is not defined                           no-undef
  196:43  warning  't2' is not defined                           no-undef
  196:47  warning  't3' is not defined                           no-undef
  196:51  warning  't4' is not defined                           no-undef
  205:10  warning  'verify_values' is not defined                no-undef
  205:48  warning  't1' is not defined                           no-undef
  209:10  warning  'verify_values' is not defined                no-undef
  209:48  warning  't2' is not defined                           no-undef
  213:10  warning  'verify_values' is not defined                no-undef
  213:48  warning  't3' is not defined                           no-undef
  217:10  warning  'verify_values' is not defined                no-undef
  217:48  warning  't4' is not defined                           no-undef
  223:24  warning  't1' is not defined                           no-undef
  225:24  warning  't2' is not defined                           no-undef
  227:24  warning  't3' is not defined                           no-undef
  229:24  warning  't4' is not defined                           no-undef

/home/runner/work/exp-partial-differential-equations-elliptical-equation-possion-equation-iitb/exp-partial-differential-equations-elliptical-equation-possion-equation-iitb/experiment/simulation/js/data.js
   1:5   warning  'h' is assigned a value but never used           no-unused-vars
   2:5   warning  'a' is defined but never used                    no-unused-vars
   3:5   warning  'max' is defined but never used                  no-unused-vars
   4:5   warning  'min' is defined but never used                  no-unused-vars
   5:5   warning  't1' is assigned a value but never used          no-unused-vars
   6:5   warning  't2' is assigned a value but never used          no-unused-vars
   7:5   warning  't3' is assigned a value but never used          no-unused-vars
   8:5   warning  't4' is assigned a value but never used          no-unused-vars
   9:5   warning  'top1' is assigned a value but never used        no-unused-vars
  10:5   warning  'top2' is assigned a value but never used        no-unused-vars
  11:5   warning  'right1' is assigned a value but never used      no-unused-vars
  12:5   warning  'right2' is assigned a value but never used      no-unused-vars
  13:5   warning  'bottom1' is assigned a value but never used     no-unused-vars
  14:5   warning  'bottom2' is assigned a value but never used     no-unused-vars
  15:5   warning  'left1' is assigned a value but never used       no-unused-vars
  16:5   warning  'left2' is assigned a value but never used       no-unused-vars
  17:10  warning  'initialize_boundary' is defined but never used  no-unused-vars

/home/runner/work/exp-partial-differential-equations-elliptical-equation-possion-equation-iitb/exp-partial-differential-equations-elliptical-equation-possion-equation-iitb/experiment/simulation/js/poisson.js
  1:10  warning  'f1' is defined but never used  no-unused-vars

/home/runner/work/exp-partial-differential-equations-elliptical-equation-possion-equation-iitb/exp-partial-differential-equations-elliptical-equation-possion-equation-iitb/experiment/simulation/js/screen_size.js
  1:10  warning  'set_screen_size' is defined but never used  no-unused-vars

✖ 143 problems (0 errors, 143 warnings)

